<?xml version="1.0" encoding="UTF-8"?>
<!-- Generated by org.testng.reporters.JUnitReportReporter -->
<testsuite hostname="EXIPC0120" name="WebApp.Salesarchitect.testcases.LoginPageTestCases" tests="6" failures="0" timestamp="8 Nov 2021 11:54:15 GMT" time="59.019" errors="0">
  <testcase name="PartnerSuperAdminValidLoginTest" time="9.210" classname="WebApp.Salesarchitect.testcases.LoginPageTestCases"/>
  <testcase name="SalesRepAdminValidLoginTest" time="8.845" classname="WebApp.Salesarchitect.testcases.LoginPageTestCases"/>
  <testcase name="SalesEditorAdminValidLoginTest" time="9.135" classname="WebApp.Salesarchitect.testcases.LoginPageTestCases"/>
  <testcase name="testCommunityAdminValidLogin" time="13.598" classname="WebApp.Salesarchitect.testcases.LoginPageTestCases"/>
  <testcase name="SuperAdminValidLoginTest" time="12.419" classname="WebApp.Salesarchitect.testcases.LoginPageTestCases"/>
  <testcase name="InValidLoginTest" time="5.812" classname="WebApp.Salesarchitect.testcases.LoginPageTestCases"/>
</testsuite> <!-- WebApp.Salesarchitect.testcases.LoginPageTestCases -->
