<?xml version="1.0" encoding="UTF-8"?>
<!-- Generated by org.testng.reporters.JUnitReportReporter -->
<testsuite hostname="EXIPC0120" name="WebApp.Salesarchitect.LoginPage.LoginTestCases" tests="6" failures="0" timestamp="14 Oct 2021 19:48:40 GMT" time="82.452" errors="0">
  <testcase name="testPartnerSuperAdminValidLogin" time="11.102" classname="WebApp.Salesarchitect.LoginPage.LoginTestCases"/>
  <testcase name="testSalesEditorAdminValidLogin" time="11.174" classname="WebApp.Salesarchitect.LoginPage.LoginTestCases"/>
  <testcase name="testSalesRepAdminValidLogin" time="11.398" classname="WebApp.Salesarchitect.LoginPage.LoginTestCases"/>
  <testcase name="testSuperAdminValidLogin" time="11.145" classname="WebApp.Salesarchitect.LoginPage.LoginTestCases"/>
  <testcase name="testCommunityAdminValidLogin" time="30.606" classname="WebApp.Salesarchitect.LoginPage.LoginTestCases"/>
  <testcase name="testInValidLogin" time="7.027" classname="WebApp.Salesarchitect.LoginPage.LoginTestCases"/>
</testsuite> <!-- WebApp.Salesarchitect.LoginPage.LoginTestCases -->
