<?xml version="1.0" encoding="UTF-8"?>
<!-- Generated by org.testng.reporters.JUnitReportReporter -->
<testsuite hostname="EXIPC0120" name="WebApp.Salesarchitect.BaseClass.WebBase" tests="1" failures="0" timestamp="5 Oct 2021 13:38:51 GMT" time="6.387" errors="0">
  <testcase name="init" time="6.387" classname="WebApp.Salesarchitect.BaseClass.WebBase"/>
</testsuite> <!-- WebApp.Salesarchitect.BaseClass.WebBase -->
