<?xml version="1.0" encoding="UTF-8"?>
<!-- Generated by org.testng.reporters.JUnitReportReporter -->
<testsuite hostname="EXIPC0120" name="WebApp.Salesarchitect.testcases.LoginPageTestCases" tests="6" failures="0" timestamp="9 Feb 2022 18:16:15 GMT" time="83.380" errors="0">
  <testcase name="SuperAdminValidLoginTest" time="15.276" classname="WebApp.Salesarchitect.testcases.LoginPageTestCases"/>
  <testcase name="testCommunityAdminValidLogin" time="15.495" classname="WebApp.Salesarchitect.testcases.LoginPageTestCases"/>
  <testcase name="SalesEditorAdminValidLoginTest" time="14.711" classname="WebApp.Salesarchitect.testcases.LoginPageTestCases"/>
  <testcase name="PartnerSuperAdminValidLoginTest" time="14.935" classname="WebApp.Salesarchitect.testcases.LoginPageTestCases"/>
  <testcase name="InValidLoginTest" time="8.291" classname="WebApp.Salesarchitect.testcases.LoginPageTestCases"/>
  <testcase name="SalesRepAdminValidLoginTest" time="14.672" classname="WebApp.Salesarchitect.testcases.LoginPageTestCases"/>
</testsuite> <!-- WebApp.Salesarchitect.testcases.LoginPageTestCases -->
