<?xml version="1.0" encoding="UTF-8"?>
<!-- Generated by org.testng.reporters.JUnitReportReporter -->
<testsuite hostname="EXIPC0120" name="WebApp.Salesarchitect.testcases.LoginPageTestCases" tests="6" failures="0" timestamp="11 Mar 2022 07:16:44 GMT" time="78.664" errors="0">
  <testcase name="SalesRepAdminValidLoginTest" time="11.671" classname="WebApp.Salesarchitect.testcases.LoginPageTestCases"/>
  <testcase name="SuperAdminValidLoginTest" time="14.059" classname="WebApp.Salesarchitect.testcases.LoginPageTestCases"/>
  <testcase name="InValidLoginTest" time="8.956" classname="WebApp.Salesarchitect.testcases.LoginPageTestCases"/>
  <testcase name="PartnerSuperAdminValidLoginTest" time="15.863" classname="WebApp.Salesarchitect.testcases.LoginPageTestCases"/>
  <testcase name="SalesEditorAdminValidLoginTest" time="17.865" classname="WebApp.Salesarchitect.testcases.LoginPageTestCases"/>
  <testcase name="testCommunityAdminValidLogin" time="10.250" classname="WebApp.Salesarchitect.testcases.LoginPageTestCases"/>
</testsuite> <!-- WebApp.Salesarchitect.testcases.LoginPageTestCases -->
