<?xml version="1.0" encoding="UTF-8"?>
<!-- Generated by org.testng.reporters.JUnitReportReporter -->
<testsuite hostname="EXIPC0120" name="WebApp.Salesarchitect.testcases.HomePageTestCases" tests="1" failures="0" timestamp="11 Mar 2022 07:25:56 GMT" time="31.427" errors="0">
  <testcase name="communitySearchBoxByBuilderNameTest" time="31.427" classname="WebApp.Salesarchitect.testcases.HomePageTestCases"/>
</testsuite> <!-- WebApp.Salesarchitect.testcases.HomePageTestCases -->
