<?xml version="1.0" encoding="UTF-8"?>
<!-- Generated by org.testng.reporters.JUnitReportReporter -->
<testsuite hostname="EXIPC0120" name="WebApp.Salesarchitect.testcases.LoginPageTestCases" tests="6" failures="0" timestamp="1 Mar 2022 08:26:56 GMT" time="82.543" errors="0">
  <testcase name="InValidLoginTest" time="9.387" classname="WebApp.Salesarchitect.testcases.LoginPageTestCases"/>
  <testcase name="SuperAdminValidLoginTest" time="14.085" classname="WebApp.Salesarchitect.testcases.LoginPageTestCases"/>
  <testcase name="SalesEditorAdminValidLoginTest" time="12.425" classname="WebApp.Salesarchitect.testcases.LoginPageTestCases"/>
  <testcase name="SalesRepAdminValidLoginTest" time="13.174" classname="WebApp.Salesarchitect.testcases.LoginPageTestCases"/>
  <testcase name="PartnerSuperAdminValidLoginTest" time="13.875" classname="WebApp.Salesarchitect.testcases.LoginPageTestCases"/>
  <testcase name="testCommunityAdminValidLogin" time="19.597" classname="WebApp.Salesarchitect.testcases.LoginPageTestCases"/>
</testsuite> <!-- WebApp.Salesarchitect.testcases.LoginPageTestCases -->
